{"/Users/johnathanraiss/Desktop/express_jobly-/config.js": {"path":"/Users/johnathanraiss/Desktop/express_jobly-/config.js","statementMap":{"0":{"start":{"line":5,"column":0},"end":{"line":5,"column":27}},"1":{"start":{"line":6,"column":0},"end":{"line":6,"column":18}},"2":{"start":{"line":8,"column":19},"end":{"line":8,"column":57}},"3":{"start":{"line":10,"column":13},"end":{"line":10,"column":38}},"4":{"start":{"line":14,"column":2},"end":{"line":16,"column":44}},"5":{"start":{"line":22,"column":27},"end":{"line":22,"column":67}},"6":{"start":{"line":24,"column":0},"end":{"line":24,"column":35}},"7":{"start":{"line":25,"column":0},"end":{"line":25,"column":46}},"8":{"start":{"line":26,"column":0},"end":{"line":26,"column":45}},"9":{"start":{"line":27,"column":0},"end":{"line":27,"column":61}},"10":{"start":{"line":28,"column":0},"end":{"line":28,"column":50}},"11":{"start":{"line":29,"column":0},"end":{"line":29,"column":19}},"12":{"start":{"line":31,"column":0},"end":{"line":36,"column":2}}},"fnMap":{"0":{"name":"getDatabaseUri","decl":{"start":{"line":13,"column":9},"end":{"line":13,"column":23}},"loc":{"start":{"line":13,"column":26},"end":{"line":17,"column":1}},"line":13}},"branchMap":{"0":{"loc":{"start":{"line":8,"column":19},"end":{"line":8,"column":57}},"type":"binary-expr","locations":[{"start":{"line":8,"column":19},"end":{"line":8,"column":41}},{"start":{"line":8,"column":45},"end":{"line":8,"column":57}}],"line":8},"1":{"loc":{"start":{"line":10,"column":13},"end":{"line":10,"column":38}},"type":"binary-expr","locations":[{"start":{"line":10,"column":13},"end":{"line":10,"column":30}},{"start":{"line":10,"column":34},"end":{"line":10,"column":38}}],"line":10},"2":{"loc":{"start":{"line":14,"column":9},"end":{"line":16,"column":43}},"type":"cond-expr","locations":[{"start":{"line":15,"column":8},"end":{"line":15,"column":20}},{"start":{"line":16,"column":8},"end":{"line":16,"column":43}}],"line":14},"3":{"loc":{"start":{"line":16,"column":8},"end":{"line":16,"column":43}},"type":"binary-expr","locations":[{"start":{"line":16,"column":8},"end":{"line":16,"column":32}},{"start":{"line":16,"column":36},"end":{"line":16,"column":43}}],"line":16},"4":{"loc":{"start":{"line":22,"column":27},"end":{"line":22,"column":67}},"type":"cond-expr","locations":[{"start":{"line":22,"column":61},"end":{"line":22,"column":62}},{"start":{"line":22,"column":65},"end":{"line":22,"column":67}}],"line":22}},"s":{"0":1,"1":1,"2":1,"3":1,"4":2,"5":1,"6":1,"7":1,"8":1,"9":1,"10":1,"11":1,"12":1},"f":{"0":2},"b":{"0":[1,1],"1":[1,1],"2":[2,0],"3":[0,0],"4":[1,0]},"_coverageSchema":"1a1c01bbd47fc00a2c39e90264f33305004495a9","hash":"95c42b947617d75386fff2c89cdf210489c2b6cc"}
,"/Users/johnathanraiss/Desktop/express_jobly-/db.js": {"path":"/Users/johnathanraiss/Desktop/express_jobly-/db.js","statementMap":{"0":{"start":{"line":5,"column":19},"end":{"line":5,"column":32}},"1":{"start":{"line":6,"column":27},"end":{"line":6,"column":46}},"2":{"start":{"line":8,"column":11},"end":{"line":10,"column":2}},"3":{"start":{"line":12,"column":0},"end":{"line":12,"column":13}},"4":{"start":{"line":14,"column":0},"end":{"line":14,"column":20}}},"fnMap":{},"branchMap":{},"s":{"0":1,"1":1,"2":1,"3":1,"4":1},"f":{},"b":{},"_coverageSchema":"1a1c01bbd47fc00a2c39e90264f33305004495a9","hash":"d98cc1751b0bfe57c19ea5c733c9682e1f4e3043"}
,"/Users/johnathanraiss/Desktop/express_jobly-/expressError.js": {"path":"/Users/johnathanraiss/Desktop/express_jobly-/expressError.js","statementMap":{"0":{"start":{"line":9,"column":4},"end":{"line":9,"column":12}},"1":{"start":{"line":10,"column":4},"end":{"line":10,"column":27}},"2":{"start":{"line":11,"column":4},"end":{"line":11,"column":25}},"3":{"start":{"line":19,"column":4},"end":{"line":19,"column":24}},"4":{"start":{"line":27,"column":4},"end":{"line":27,"column":24}},"5":{"start":{"line":35,"column":4},"end":{"line":35,"column":24}},"6":{"start":{"line":43,"column":4},"end":{"line":43,"column":24}},"7":{"start":{"line":47,"column":0},"end":{"line":53,"column":2}}},"fnMap":{"0":{"name":"(anonymous_0)","decl":{"start":{"line":8,"column":2},"end":{"line":8,"column":3}},"loc":{"start":{"line":8,"column":31},"end":{"line":12,"column":3}},"line":8},"1":{"name":"(anonymous_1)","decl":{"start":{"line":18,"column":2},"end":{"line":18,"column":3}},"loc":{"start":{"line":18,"column":37},"end":{"line":20,"column":3}},"line":18},"2":{"name":"(anonymous_2)","decl":{"start":{"line":26,"column":2},"end":{"line":26,"column":3}},"loc":{"start":{"line":26,"column":40},"end":{"line":28,"column":3}},"line":26},"3":{"name":"(anonymous_3)","decl":{"start":{"line":34,"column":2},"end":{"line":34,"column":3}},"loc":{"start":{"line":34,"column":39},"end":{"line":36,"column":3}},"line":34},"4":{"name":"(anonymous_4)","decl":{"start":{"line":42,"column":2},"end":{"line":42,"column":3}},"loc":{"start":{"line":42,"column":39},"end":{"line":44,"column":3}},"line":42}},"branchMap":{"0":{"loc":{"start":{"line":18,"column":14},"end":{"line":18,"column":35}},"type":"default-arg","locations":[{"start":{"line":18,"column":24},"end":{"line":18,"column":35}}],"line":18},"1":{"loc":{"start":{"line":26,"column":14},"end":{"line":26,"column":38}},"type":"default-arg","locations":[{"start":{"line":26,"column":24},"end":{"line":26,"column":38}}],"line":26},"2":{"loc":{"start":{"line":34,"column":14},"end":{"line":34,"column":37}},"type":"default-arg","locations":[{"start":{"line":34,"column":24},"end":{"line":34,"column":37}}],"line":34},"3":{"loc":{"start":{"line":42,"column":14},"end":{"line":42,"column":37}},"type":"default-arg","locations":[{"start":{"line":42,"column":24},"end":{"line":42,"column":37}}],"line":42}},"s":{"0":5,"1":5,"2":5,"3":3,"4":0,"5":2,"6":0,"7":1},"f":{"0":5,"1":3,"2":0,"3":2,"4":0},"b":{"0":[0],"1":[0],"2":[0],"3":[0]},"_coverageSchema":"1a1c01bbd47fc00a2c39e90264f33305004495a9","hash":"9c81bfe2377efe382793d9fb3b8f8db3fab1bfad"}
,"/Users/johnathanraiss/Desktop/express_jobly-/helpers/sql.js": {"path":"/Users/johnathanraiss/Desktop/express_jobly-/helpers/sql.js","statementMap":{"0":{"start":{"line":1,"column":28},"end":{"line":1,"column":54}},"1":{"start":{"line":20,"column":15},"end":{"line":20,"column":40}},"2":{"start":{"line":21,"column":2},"end":{"line":21,"column":62}},"3":{"start":{"line":21,"column":25},"end":{"line":21,"column":62}},"4":{"start":{"line":24,"column":15},"end":{"line":26,"column":3}},"5":{"start":{"line":25,"column":6},"end":{"line":25,"column":52}},"6":{"start":{"line":27,"column":2},"end":{"line":30,"column":4}},"7":{"start":{"line":33,"column":0},"end":{"line":33,"column":41}}},"fnMap":{"0":{"name":"sqlForPartialUpdate","decl":{"start":{"line":19,"column":9},"end":{"line":19,"column":28}},"loc":{"start":{"line":19,"column":52},"end":{"line":31,"column":1}},"line":19},"1":{"name":"(anonymous_1)","decl":{"start":{"line":24,"column":24},"end":{"line":24,"column":25}},"loc":{"start":{"line":25,"column":6},"end":{"line":25,"column":52}},"line":25}},"branchMap":{"0":{"loc":{"start":{"line":21,"column":2},"end":{"line":21,"column":62}},"type":"if","locations":[{"start":{"line":21,"column":2},"end":{"line":21,"column":62}},{"start":{"line":21,"column":2},"end":{"line":21,"column":62}}],"line":21},"1":{"loc":{"start":{"line":25,"column":10},"end":{"line":25,"column":37}},"type":"binary-expr","locations":[{"start":{"line":25,"column":10},"end":{"line":25,"column":26}},{"start":{"line":25,"column":30},"end":{"line":25,"column":37}}],"line":25}},"s":{"0":1,"1":4,"2":4,"3":1,"4":3,"5":12,"6":3,"7":1},"f":{"0":4,"1":12},"b":{"0":[1,3],"1":[12,6]},"_coverageSchema":"1a1c01bbd47fc00a2c39e90264f33305004495a9","hash":"e9cc88545a24d91c45adaf35911e49ad5091ae06"}
,"/Users/johnathanraiss/Desktop/express_jobly-/models/_testCommon.js": {"path":"/Users/johnathanraiss/Desktop/express_jobly-/models/_testCommon.js","statementMap":{"0":{"start":{"line":1,"column":15},"end":{"line":1,"column":32}},"1":{"start":{"line":3,"column":11},"end":{"line":3,"column":30}},"2":{"start":{"line":4,"column":31},"end":{"line":4,"column":51}},"3":{"start":{"line":8,"column":2},"end":{"line":8,"column":42}},"4":{"start":{"line":10,"column":2},"end":{"line":10,"column":38}},"5":{"start":{"line":12,"column":2},"end":{"line":16,"column":55}},"6":{"start":{"line":18,"column":2},"end":{"line":32,"column":4}},"7":{"start":{"line":37,"column":2},"end":{"line":37,"column":26}},"8":{"start":{"line":41,"column":2},"end":{"line":41,"column":29}},"9":{"start":{"line":45,"column":2},"end":{"line":45,"column":17}},"10":{"start":{"line":48,"column":0},"end":{"line":53,"column":2}}},"fnMap":{"0":{"name":"commonBeforeAll","decl":{"start":{"line":6,"column":15},"end":{"line":6,"column":30}},"loc":{"start":{"line":6,"column":33},"end":{"line":34,"column":1}},"line":6},"1":{"name":"commonBeforeEach","decl":{"start":{"line":36,"column":15},"end":{"line":36,"column":31}},"loc":{"start":{"line":36,"column":34},"end":{"line":38,"column":1}},"line":36},"2":{"name":"commonAfterEach","decl":{"start":{"line":40,"column":15},"end":{"line":40,"column":30}},"loc":{"start":{"line":40,"column":33},"end":{"line":42,"column":1}},"line":40},"3":{"name":"commonAfterAll","decl":{"start":{"line":44,"column":15},"end":{"line":44,"column":29}},"loc":{"start":{"line":44,"column":32},"end":{"line":46,"column":1}},"line":44}},"branchMap":{},"s":{"0":1,"1":1,"2":1,"3":1,"4":1,"5":1,"6":1,"7":15,"8":15,"9":1,"10":1},"f":{"0":1,"1":15,"2":15,"3":1},"b":{},"_coverageSchema":"1a1c01bbd47fc00a2c39e90264f33305004495a9","hash":"b0f7e44ed29634e7b628b3eedfbfb86a6fa0408f"}
,"/Users/johnathanraiss/Desktop/express_jobly-/models/company.js": {"path":"/Users/johnathanraiss/Desktop/express_jobly-/models/company.js","statementMap":{"0":{"start":{"line":3,"column":11},"end":{"line":3,"column":27}},"1":{"start":{"line":4,"column":43},"end":{"line":4,"column":69}},"2":{"start":{"line":5,"column":32},"end":{"line":5,"column":57}},"3":{"start":{"line":20,"column":27},"end":{"line":25,"column":5}},"4":{"start":{"line":27,"column":4},"end":{"line":28,"column":64}},"5":{"start":{"line":28,"column":6},"end":{"line":28,"column":64}},"6":{"start":{"line":30,"column":19},"end":{"line":36,"column":5}},"7":{"start":{"line":37,"column":20},"end":{"line":37,"column":34}},"8":{"start":{"line":39,"column":4},"end":{"line":39,"column":19}},"9":{"start":{"line":50,"column":49},"end":{"line":50,"column":56}},"10":{"start":{"line":52,"column":6},"end":{"line":57,"column":26}},"11":{"start":{"line":61,"column":22},"end":{"line":61,"column":24}},"12":{"start":{"line":62,"column":22},"end":{"line":62,"column":24}},"13":{"start":{"line":65,"column":4},"end":{"line":68,"column":5}},"14":{"start":{"line":66,"column":6},"end":{"line":66,"column":37}},"15":{"start":{"line":67,"column":6},"end":{"line":67,"column":66}},"16":{"start":{"line":70,"column":4},"end":{"line":73,"column":5}},"17":{"start":{"line":71,"column":6},"end":{"line":71,"column":37}},"18":{"start":{"line":72,"column":6},"end":{"line":72,"column":66}},"19":{"start":{"line":75,"column":4},"end":{"line":79,"column":5}},"20":{"start":{"line":76,"column":6},"end":{"line":78,"column":8}},"21":{"start":{"line":81,"column":4},"end":{"line":84,"column":5}},"22":{"start":{"line":82,"column":6},"end":{"line":82,"column":36}},"23":{"start":{"line":83,"column":6},"end":{"line":83,"column":60}},"24":{"start":{"line":86,"column":4},"end":{"line":88,"column":5}},"25":{"start":{"line":87,"column":6},"end":{"line":87,"column":62}},"26":{"start":{"line":91,"column":4},"end":{"line":91,"column":39}},"27":{"start":{"line":92,"column":27},"end":{"line":92,"column":70}},"28":{"start":{"line":93,"column":4},"end":{"line":93,"column":31}},"29":{"start":{"line":109,"column":23},"end":{"line":118,"column":5}},"30":{"start":{"line":120,"column":20},"end":{"line":120,"column":38}},"31":{"start":{"line":122,"column":4},"end":{"line":122,"column":67}},"32":{"start":{"line":122,"column":18},"end":{"line":122,"column":67}},"33":{"start":{"line":124,"column":23},"end":{"line":130,"column":5}},"34":{"start":{"line":132,"column":4},"end":{"line":132,"column":35}},"35":{"start":{"line":133,"column":4},"end":{"line":133,"column":19}},"36":{"start":{"line":149,"column":32},"end":{"line":152,"column":6}},"37":{"start":{"line":153,"column":25},"end":{"line":153,"column":50}},"38":{"start":{"line":155,"column":21},"end":{"line":162,"column":54}},"39":{"start":{"line":163,"column":19},"end":{"line":163,"column":64}},"40":{"start":{"line":164,"column":20},"end":{"line":164,"column":34}},"41":{"start":{"line":166,"column":4},"end":{"line":166,"column":67}},"42":{"start":{"line":166,"column":18},"end":{"line":166,"column":67}},"43":{"start":{"line":168,"column":4},"end":{"line":168,"column":19}},"44":{"start":{"line":177,"column":19},"end":{"line":183,"column":5}},"45":{"start":{"line":184,"column":20},"end":{"line":184,"column":34}},"46":{"start":{"line":186,"column":4},"end":{"line":186,"column":67}},"47":{"start":{"line":186,"column":18},"end":{"line":186,"column":67}},"48":{"start":{"line":190,"column":0},"end":{"line":190,"column":25}}},"fnMap":{"0":{"name":"(anonymous_0)","decl":{"start":{"line":19,"column":2},"end":{"line":19,"column":3}},"loc":{"start":{"line":19,"column":76},"end":{"line":40,"column":3}},"line":19},"1":{"name":"(anonymous_1)","decl":{"start":{"line":47,"column":2},"end":{"line":47,"column":3}},"loc":{"start":{"line":47,"column":37},"end":{"line":95,"column":3}},"line":47},"2":{"name":"(anonymous_2)","decl":{"start":{"line":107,"column":2},"end":{"line":107,"column":3}},"loc":{"start":{"line":107,"column":27},"end":{"line":134,"column":3}},"line":107},"3":{"name":"(anonymous_3)","decl":{"start":{"line":148,"column":2},"end":{"line":148,"column":3}},"loc":{"start":{"line":148,"column":36},"end":{"line":169,"column":3}},"line":148},"4":{"name":"(anonymous_4)","decl":{"start":{"line":176,"column":2},"end":{"line":176,"column":3}},"loc":{"start":{"line":176,"column":30},"end":{"line":187,"column":3}},"line":176}},"branchMap":{"0":{"loc":{"start":{"line":27,"column":4},"end":{"line":28,"column":64}},"type":"if","locations":[{"start":{"line":27,"column":4},"end":{"line":28,"column":64}},{"start":{"line":27,"column":4},"end":{"line":28,"column":64}}],"line":27},"1":{"loc":{"start":{"line":47,"column":23},"end":{"line":47,"column":35}},"type":"default-arg","locations":[{"start":{"line":47,"column":33},"end":{"line":47,"column":35}}],"line":47},"2":{"loc":{"start":{"line":65,"column":4},"end":{"line":68,"column":5}},"type":"if","locations":[{"start":{"line":65,"column":4},"end":{"line":68,"column":5}},{"start":{"line":65,"column":4},"end":{"line":68,"column":5}}],"line":65},"3":{"loc":{"start":{"line":70,"column":4},"end":{"line":73,"column":5}},"type":"if","locations":[{"start":{"line":70,"column":4},"end":{"line":73,"column":5}},{"start":{"line":70,"column":4},"end":{"line":73,"column":5}}],"line":70},"4":{"loc":{"start":{"line":75,"column":4},"end":{"line":79,"column":5}},"type":"if","locations":[{"start":{"line":75,"column":4},"end":{"line":79,"column":5}},{"start":{"line":75,"column":4},"end":{"line":79,"column":5}}],"line":75},"5":{"loc":{"start":{"line":81,"column":4},"end":{"line":84,"column":5}},"type":"if","locations":[{"start":{"line":81,"column":4},"end":{"line":84,"column":5}},{"start":{"line":81,"column":4},"end":{"line":84,"column":5}}],"line":81},"6":{"loc":{"start":{"line":86,"column":4},"end":{"line":88,"column":5}},"type":"if","locations":[{"start":{"line":86,"column":4},"end":{"line":88,"column":5}},{"start":{"line":86,"column":4},"end":{"line":88,"column":5}}],"line":86},"7":{"loc":{"start":{"line":122,"column":4},"end":{"line":122,"column":67}},"type":"if","locations":[{"start":{"line":122,"column":4},"end":{"line":122,"column":67}},{"start":{"line":122,"column":4},"end":{"line":122,"column":67}}],"line":122},"8":{"loc":{"start":{"line":166,"column":4},"end":{"line":166,"column":67}},"type":"if","locations":[{"start":{"line":166,"column":4},"end":{"line":166,"column":67}},{"start":{"line":166,"column":4},"end":{"line":166,"column":67}}],"line":166},"9":{"loc":{"start":{"line":186,"column":4},"end":{"line":186,"column":67}},"type":"if","locations":[{"start":{"line":186,"column":4},"end":{"line":186,"column":67}},{"start":{"line":186,"column":4},"end":{"line":186,"column":67}}],"line":186}},"s":{"0":1,"1":1,"2":1,"3":3,"4":3,"5":1,"6":2,"7":2,"8":2,"9":5,"10":5,"11":5,"12":5,"13":5,"14":0,"15":0,"16":5,"17":2,"18":2,"19":5,"20":0,"21":5,"22":2,"23":2,"24":5,"25":4,"26":5,"27":5,"28":5,"29":2,"30":2,"31":2,"32":1,"33":1,"34":1,"35":1,"36":4,"37":3,"38":3,"39":3,"40":3,"41":3,"42":1,"43":2,"44":2,"45":2,"46":2,"47":1,"48":1},"f":{"0":3,"1":5,"2":2,"3":4,"4":2},"b":{"0":[1,2],"1":[1],"2":[0,5],"3":[2,3],"4":[0,5],"5":[2,3],"6":[4,1],"7":[1,1],"8":[1,2],"9":[1,1]},"_coverageSchema":"1a1c01bbd47fc00a2c39e90264f33305004495a9","hash":"c18873a356f554ebf40e2e965331559f40504a6b"}
}
