TN:
SF:config.js
FN:13,getDatabaseUri
FNF:1
FNH:1
FNDA:2,getDatabaseUri
DA:5,1
DA:6,1
DA:8,1
DA:10,1
DA:14,2
DA:22,1
DA:24,1
DA:25,1
DA:26,1
DA:27,1
DA:28,1
DA:29,1
DA:31,1
LF:13
LH:13
BRDA:8,0,0,1
BRDA:8,0,1,1
BRDA:10,1,0,1
BRDA:10,1,1,1
BRDA:14,2,0,2
BRDA:14,2,1,0
BRDA:16,3,0,0
BRDA:16,3,1,0
BRDA:22,4,0,1
BRDA:22,4,1,0
BRF:10
BRH:6
end_of_record
TN:
SF:db.js
FNF:0
FNH:0
DA:5,1
DA:6,1
DA:8,1
DA:12,1
DA:14,1
LF:5
LH:5
BRF:0
BRH:0
end_of_record
TN:
SF:expressError.js
FN:8,(anonymous_0)
FN:18,(anonymous_1)
FN:26,(anonymous_2)
FN:34,(anonymous_3)
FN:42,(anonymous_4)
FNF:5
FNH:3
FNDA:5,(anonymous_0)
FNDA:3,(anonymous_1)
FNDA:0,(anonymous_2)
FNDA:2,(anonymous_3)
FNDA:0,(anonymous_4)
DA:9,5
DA:10,5
DA:11,5
DA:19,3
DA:27,0
DA:35,2
DA:43,0
DA:47,1
LF:8
LH:6
BRDA:18,0,0,0
BRDA:26,1,0,0
BRDA:34,2,0,0
BRDA:42,3,0,0
BRF:4
BRH:0
end_of_record
TN:
SF:helpers/sql.js
FN:19,sqlForPartialUpdate
FN:24,(anonymous_1)
FNF:2
FNH:2
FNDA:4,sqlForPartialUpdate
FNDA:12,(anonymous_1)
DA:1,1
DA:20,4
DA:21,4
DA:24,3
DA:25,12
DA:27,3
DA:33,1
LF:7
LH:7
BRDA:21,0,0,1
BRDA:21,0,1,3
BRDA:25,1,0,12
BRDA:25,1,1,6
BRF:4
BRH:4
end_of_record
TN:
SF:models/_testCommon.js
FN:6,commonBeforeAll
FN:36,commonBeforeEach
FN:40,commonAfterEach
FN:44,commonAfterAll
FNF:4
FNH:4
FNDA:1,commonBeforeAll
FNDA:15,commonBeforeEach
FNDA:15,commonAfterEach
FNDA:1,commonAfterAll
DA:1,1
DA:3,1
DA:4,1
DA:8,1
DA:10,1
DA:12,1
DA:18,1
DA:37,15
DA:41,15
DA:45,1
DA:48,1
LF:11
LH:11
BRF:0
BRH:0
end_of_record
TN:
SF:models/company.js
FN:19,(anonymous_0)
FN:47,(anonymous_1)
FN:107,(anonymous_2)
FN:148,(anonymous_3)
FN:176,(anonymous_4)
FNF:5
FNH:5
FNDA:3,(anonymous_0)
FNDA:5,(anonymous_1)
FNDA:2,(anonymous_2)
FNDA:4,(anonymous_3)
FNDA:2,(anonymous_4)
DA:3,1
DA:4,1
DA:5,1
DA:20,3
DA:27,3
DA:28,1
DA:30,2
DA:37,2
DA:39,2
DA:50,5
DA:52,5
DA:61,5
DA:62,5
DA:65,5
DA:66,0
DA:67,0
DA:70,5
DA:71,2
DA:72,2
DA:75,5
DA:76,0
DA:81,5
DA:82,2
DA:83,2
DA:86,5
DA:87,4
DA:91,5
DA:92,5
DA:93,5
DA:109,2
DA:120,2
DA:122,2
DA:124,1
DA:132,1
DA:133,1
DA:149,4
DA:153,3
DA:155,3
DA:163,3
DA:164,3
DA:166,3
DA:168,2
DA:177,2
DA:184,2
DA:186,2
DA:190,1
LF:46
LH:43
BRDA:27,0,0,1
BRDA:27,0,1,2
BRDA:47,1,0,1
BRDA:65,2,0,0
BRDA:65,2,1,5
BRDA:70,3,0,2
BRDA:70,3,1,3
BRDA:75,4,0,0
BRDA:75,4,1,5
BRDA:81,5,0,2
BRDA:81,5,1,3
BRDA:86,6,0,4
BRDA:86,6,1,1
BRDA:122,7,0,1
BRDA:122,7,1,1
BRDA:166,8,0,1
BRDA:166,8,1,2
BRDA:186,9,0,1
BRDA:186,9,1,1
BRF:19
BRH:17
end_of_record
