TN:
SF:app.js
FN:30,(anonymous_0)
FN:35,(anonymous_1)
FNF:2
FNH:1
FNDA:0,(anonymous_0)
FNDA:11,(anonymous_1)
DA:5,1
DA:6,1
DA:8,1
DA:10,1
DA:11,1
DA:12,1
DA:13,1
DA:15,1
DA:17,1
DA:19,1
DA:20,1
DA:21,1
DA:22,1
DA:24,1
DA:25,1
DA:26,1
DA:30,1
DA:31,0
DA:35,1
DA:36,11
DA:37,11
DA:38,11
DA:40,11
DA:45,1
LF:24
LH:23
BRDA:36,0,0,0
BRDA:36,0,1,11
BRDA:37,1,0,11
BRDA:37,1,1,1
BRF:4
BRH:3
end_of_record
TN:
SF:config.js
FN:13,getDatabaseUri
FNF:1
FNH:1
FNDA:2,getDatabaseUri
DA:5,1
DA:6,1
DA:8,1
DA:10,1
DA:14,2
DA:22,1
DA:24,1
DA:25,1
DA:26,1
DA:27,1
DA:28,1
DA:29,1
DA:31,1
LF:13
LH:13
BRDA:8,0,0,1
BRDA:8,0,1,1
BRDA:10,1,0,1
BRDA:10,1,1,1
BRDA:14,2,0,2
BRDA:14,2,1,0
BRDA:16,3,0,0
BRDA:16,3,1,0
BRDA:22,4,0,1
BRDA:22,4,1,0
BRF:10
BRH:6
end_of_record
TN:
SF:db.js
FNF:0
FNH:0
DA:5,1
DA:6,1
DA:8,1
DA:12,1
DA:14,1
LF:5
LH:5
BRF:0
BRH:0
end_of_record
TN:
SF:expressError.js
FN:8,(anonymous_0)
FN:18,(anonymous_1)
FN:26,(anonymous_2)
FN:34,(anonymous_3)
FN:42,(anonymous_4)
FNF:5
FNH:4
FNDA:10,(anonymous_0)
FNDA:3,(anonymous_1)
FNDA:3,(anonymous_2)
FNDA:4,(anonymous_3)
FNDA:0,(anonymous_4)
DA:9,10
DA:10,10
DA:11,10
DA:19,3
DA:27,3
DA:35,4
DA:43,0
DA:47,1
LF:8
LH:7
BRDA:18,0,0,0
BRDA:26,1,0,3
BRDA:34,2,0,0
BRDA:42,3,0,0
BRF:4
BRH:1
end_of_record
TN:
SF:helpers/sql.js
FN:19,sqlForPartialUpdate
FN:25,(anonymous_1)
FNF:2
FNH:2
FNDA:2,sqlForPartialUpdate
FNDA:2,(anonymous_1)
DA:1,1
DA:20,2
DA:21,2
DA:22,2
DA:25,2
DA:26,2
DA:28,2
DA:29,2
DA:30,2
DA:31,2
DA:37,1
LF:11
LH:11
BRDA:21,0,0,0
BRDA:21,0,1,2
BRDA:26,1,0,2
BRDA:26,1,1,2
BRF:4
BRH:3
end_of_record
TN:
SF:helpers/tokens.js
FN:6,createToken
FNF:1
FNH:1
FNDA:2,createToken
DA:1,1
DA:2,1
DA:7,2
DA:10,2
DA:15,2
DA:18,1
LF:6
LH:6
BRDA:12,0,0,2
BRDA:12,0,1,1
BRF:2
BRH:2
end_of_record
TN:
SF:middleware/auth.js
FN:17,authenticateJWT
FN:35,ensureLoggedIn
FN:44,ensureAdmin
FNF:3
FNH:2
FNDA:17,authenticateJWT
FNDA:0,ensureLoggedIn
FNDA:12,ensureAdmin
DA:5,1
DA:6,1
DA:7,1
DA:18,17
DA:19,17
DA:20,17
DA:21,11
DA:22,11
DA:24,17
DA:26,0
DA:36,0
DA:37,0
DA:38,0
DA:40,0
DA:45,12
DA:46,12
DA:47,12
DA:48,9
DA:50,3
DA:54,1
LF:20
LH:15
BRDA:19,0,0,17
BRDA:19,0,1,17
BRDA:20,1,0,11
BRDA:20,1,1,6
BRDA:37,2,0,0
BRDA:37,2,1,0
BRDA:47,3,0,3
BRDA:47,3,1,9
BRDA:47,4,0,12
BRDA:47,4,1,10
BRF:10
BRH:8
end_of_record
TN:
SF:models/company.js
FN:19,(anonymous_0)
FN:47,(anonymous_1)
FN:98,(anonymous_2)
FN:129,(anonymous_3)
FN:157,(anonymous_4)
FNF:5
FNH:5
FNDA:4,(anonymous_0)
FNDA:2,(anonymous_1)
FNDA:3,(anonymous_2)
FNDA:2,(anonymous_3)
FNDA:2,(anonymous_4)
DA:3,1
DA:4,1
DA:5,1
DA:20,4
DA:27,4
DA:28,0
DA:30,4
DA:37,4
DA:39,4
DA:48,2
DA:50,2
DA:57,2
DA:58,2
DA:60,2
DA:61,0
DA:62,0
DA:65,2
DA:66,0
DA:67,0
DA:70,2
DA:71,0
DA:76,2
DA:77,0
DA:78,0
DA:81,2
DA:82,0
DA:84,2
DA:85,2
DA:86,1
DA:99,3
DA:110,3
DA:112,3
DA:114,2
DA:130,2
DA:134,2
DA:136,2
DA:144,2
DA:145,2
DA:147,2
DA:149,1
DA:158,2
DA:165,2
DA:167,2
DA:171,1
LF:44
LH:35
BRDA:27,0,0,0
BRDA:27,0,1,4
BRDA:47,1,0,0
BRDA:60,2,0,0
BRDA:60,2,1,2
BRDA:65,3,0,0
BRDA:65,3,1,2
BRDA:70,4,0,0
BRDA:70,4,1,2
BRDA:76,5,0,0
BRDA:76,5,1,2
BRDA:81,6,0,0
BRDA:81,6,1,2
BRDA:112,7,0,1
BRDA:112,7,1,2
BRDA:147,8,0,1
BRDA:147,8,1,1
BRDA:167,9,0,1
BRDA:167,9,1,1
BRF:19
BRH:12
end_of_record
TN:
SF:models/user.js
FN:24,(anonymous_0)
FN:59,(anonymous_1)
FN:104,(anonymous_2)
FN:126,(anonymous_3)
FN:162,(anonymous_4)
FN:195,(anonymous_5)
FNF:6
FNH:1
FNDA:0,(anonymous_0)
FNDA:3,(anonymous_1)
FNDA:0,(anonymous_2)
FNDA:0,(anonymous_3)
FNDA:0,(anonymous_4)
FNDA:0,(anonymous_5)
DA:3,1
DA:4,1
DA:5,1
DA:10,1
DA:12,1
DA:26,0
DA:38,0
DA:40,0
DA:42,0
DA:43,0
DA:44,0
DA:45,0
DA:49,0
DA:61,3
DA:68,3
DA:69,0
DA:72,3
DA:74,3
DA:94,3
DA:96,3
DA:105,0
DA:115,0
DA:127,0
DA:138,0
DA:140,0
DA:142,0
DA:163,0
DA:164,0
DA:167,0
DA:174,0
DA:176,0
DA:184,0
DA:185,0
DA:187,0
DA:189,0
DA:190,0
DA:196,0
DA:203,0
DA:205,0
DA:210,1
LF:40
LH:12
BRDA:40,0,0,0
BRDA:40,0,1,0
BRDA:43,1,0,0
BRDA:43,1,1,0
BRDA:68,2,0,0
BRDA:68,2,1,3
BRDA:140,3,0,0
BRDA:140,3,1,0
BRDA:163,4,0,0
BRDA:163,4,1,0
BRDA:187,5,0,0
BRDA:187,5,1,0
BRDA:205,6,0,0
BRDA:205,6,1,0
BRF:14
BRH:1
end_of_record
TN:
SF:routes/_testCommon.js
FN:8,commonBeforeAll
FN:62,commonBeforeEach
FN:66,commonAfterEach
FN:70,commonAfterAll
FNF:4
FNH:4
FNDA:1,commonBeforeAll
FNDA:17,commonBeforeEach
FNDA:17,commonAfterEach
FNDA:1,commonAfterAll
DA:3,1
DA:4,1
DA:5,1
DA:6,1
DA:10,1
DA:12,1
DA:14,1
DA:21,1
DA:28,1
DA:36,1
DA:44,1
DA:52,1
DA:63,17
DA:67,17
DA:71,1
DA:74,1
DA:76,1
DA:78,1
LF:18
LH:18
BRF:0
BRH:0
end_of_record
TN:
SF:routes/auth.js
FN:22,(anonymous_0)
FN:25,(anonymous_1)
FN:45,(anonymous_2)
FN:48,(anonymous_3)
FNF:4
FNH:0
FNDA:0,(anonymous_0)
FNDA:0,(anonymous_1)
FNDA:0,(anonymous_2)
FNDA:0,(anonymous_3)
DA:5,1
DA:7,1
DA:8,1
DA:9,1
DA:10,1
DA:11,1
DA:12,1
DA:13,1
DA:22,1
DA:23,0
DA:24,0
DA:25,0
DA:26,0
DA:29,0
DA:30,0
DA:31,0
DA:32,0
DA:45,1
DA:46,0
DA:47,0
DA:48,0
DA:49,0
DA:52,0
DA:53,0
DA:54,0
DA:58,1
LF:26
LH:11
BRDA:24,0,0,0
BRDA:24,0,1,0
BRDA:47,1,0,0
BRDA:47,1,1,0
BRF:4
BRH:0
end_of_record
TN:
SF:routes/companies.js
FN:27,(anonymous_0)
FN:30,(anonymous_1)
FN:49,(anonymous_2)
FN:61,(anonymous_3)
FN:77,(anonymous_4)
FN:93,(anonymous_5)
FN:96,(anonymous_6)
FN:109,(anonymous_7)
FNF:8
FNH:7
FNDA:3,(anonymous_0)
FNDA:3,(anonymous_1)
FNDA:2,(anonymous_2)
FNDA:0,(anonymous_3)
FNDA:3,(anonymous_4)
FNDA:4,(anonymous_5)
FNDA:2,(anonymous_6)
FNDA:2,(anonymous_7)
DA:5,1
DA:6,1
DA:8,1
DA:9,1
DA:10,1
DA:12,1
DA:13,1
DA:14,1
DA:16,1
DA:27,1
DA:28,3
DA:29,3
DA:30,3
DA:31,2
DA:34,1
DA:35,1
DA:49,1
DA:50,2
DA:51,2
DA:52,2
DA:53,0
DA:55,2
DA:56,0
DA:59,2
DA:60,2
DA:61,0
DA:62,0
DA:65,2
DA:66,1
DA:77,1
DA:78,3
DA:79,2
DA:93,1
DA:94,4
DA:95,4
DA:96,2
DA:97,2
DA:100,2
DA:101,1
DA:109,1
DA:110,2
DA:111,1
DA:114,1
LF:43
LH:39
BRDA:29,0,0,2
BRDA:29,0,1,1
BRDA:52,1,0,0
BRDA:52,1,1,2
BRDA:55,2,0,0
BRDA:55,2,1,2
BRDA:60,3,0,0
BRDA:60,3,1,2
BRDA:95,4,0,2
BRDA:95,4,1,2
BRF:10
BRH:7
end_of_record
TN:
SF:routes/users.js
FN:29,(anonymous_0)
FN:32,(anonymous_1)
FN:48,(anonymous_2)
FN:63,(anonymous_3)
FN:82,(anonymous_4)
FN:85,(anonymous_5)
FN:102,(anonymous_6)
FNF:7
FNH:0
FNDA:0,(anonymous_0)
FNDA:0,(anonymous_1)
FNDA:0,(anonymous_2)
FNDA:0,(anonymous_3)
FNDA:0,(anonymous_4)
FNDA:0,(anonymous_5)
FNDA:0,(anonymous_6)
DA:5,1
DA:7,1
DA:8,1
DA:9,1
DA:10,1
DA:11,1
DA:12,1
DA:13,1
DA:15,1
DA:29,1
DA:30,0
DA:31,0
DA:32,0
DA:33,0
DA:36,0
DA:37,0
DA:38,0
DA:48,1
DA:49,0
DA:50,0
DA:60,1
DA:64,0
DA:65,0
DA:79,1
DA:83,0
DA:84,0
DA:85,0
DA:86,0
DA:89,0
DA:90,0
DA:99,1
DA:103,0
DA:104,0
DA:108,1
LF:34
LH:15
BRDA:31,0,0,0
BRDA:31,0,1,0
BRDA:62,1,0,1
BRDA:62,1,1,0
BRDA:81,2,0,1
BRDA:81,2,1,0
BRDA:84,3,0,0
BRDA:84,3,1,0
BRDA:101,4,0,1
BRDA:101,4,1,0
BRF:10
BRH:3
end_of_record
